<?xml version="1.0" encoding="UTF-8"?>
<robot generator="Robot 3.2.1 (Python 3.8.3 on win32)" generated="20200717 11:16:44.053" rpa="false">
<suite id="s1" name="Samsung Pass" source="C:\Samsung_Pass">
<suite id="s1-s1" name="Test" source="C:\Samsung_Pass\Test">
<suite id="s1-s1-s1" name="Export to Excel - Test Cases" source="C:\Samsung_Pass\Test\Export to Excel - Test Cases.robot">
<test id="s1-s1-s1-t1" name="Test Case 1">
<kw name="Open Browser" library="SeleniumLibrary">
<doc>Opens a new browser instance to the optional ``url``.</doc>
<arguments>
<arg>https://dev-admin.samsungpass.com/#/</arg>
<arg>chrome</arg>
</arguments>
<msg timestamp="20200717 11:16:44.303" level="INFO">Opening browser 'chrome' to base url 'https://dev-admin.samsungpass.com/#/'.</msg>
<status status="PASS" starttime="20200717 11:16:44.303" endtime="20200717 11:17:19.079"></status>
</kw>
<kw name="Maximize Browser Window" library="SeleniumLibrary">
<doc>Maximizes current browser window.</doc>
<status status="PASS" starttime="20200717 11:17:19.080" endtime="20200717 11:17:20.209"></status>
</kw>
<kw name="Set Browser Implicit Wait" library="SeleniumLibrary">
<doc>Sets the implicit wait value used by Selenium.</doc>
<arguments>
<arg>5s</arg>
</arguments>
<status status="PASS" starttime="20200717 11:17:20.209" endtime="20200717 11:17:20.211"></status>
</kw>
<kw name="Sleep" library="BuiltIn">
<doc>Pauses the test executed for the given time.</doc>
<arguments>
<arg>2s</arg>
</arguments>
<msg timestamp="20200717 11:17:22.214" level="INFO">Slept 2 seconds</msg>
<status status="PASS" starttime="20200717 11:17:20.212" endtime="20200717 11:17:22.214"></status>
</kw>
<kw name="Click Element" library="SeleniumLibrary">
<doc>Click the element identified by ``locator``.</doc>
<arguments>
<arg>id=lnbAppManagementLink</arg>
</arguments>
<msg timestamp="20200717 11:17:22.214" level="INFO">Clicking element 'id=lnbAppManagementLink'.</msg>
<status status="PASS" starttime="20200717 11:17:22.214" endtime="20200717 11:17:22.285"></status>
</kw>
<kw name="Sleep" library="BuiltIn">
<doc>Pauses the test executed for the given time.</doc>
<arguments>
<arg>2s</arg>
</arguments>
<msg timestamp="20200717 11:17:24.286" level="INFO">Slept 2 seconds</msg>
<status status="PASS" starttime="20200717 11:17:22.285" endtime="20200717 11:17:24.286"></status>
</kw>
<kw name="Click Element" library="SeleniumLibrary">
<doc>Click the element identified by ``locator``.</doc>
<arguments>
<arg>id=lnbSpassApplicationAppsLink</arg>
</arguments>
<msg timestamp="20200717 11:17:24.290" level="INFO">Clicking element 'id=lnbSpassApplicationAppsLink'.</msg>
<status status="PASS" starttime="20200717 11:17:24.288" endtime="20200717 11:17:24.343"></status>
</kw>
<kw name="Sleep" library="BuiltIn">
<doc>Pauses the test executed for the given time.</doc>
<arguments>
<arg>2s</arg>
</arguments>
<msg timestamp="20200717 11:17:26.346" level="INFO">Slept 2 seconds</msg>
<status status="PASS" starttime="20200717 11:17:24.344" endtime="20200717 11:17:26.346"></status>
</kw>
<kw name="Click Button" library="SeleniumLibrary">
<doc>Clicks the button identified by ``locator``.</doc>
<arguments>
<arg>id=btnAppsListExport</arg>
</arguments>
<msg timestamp="20200717 11:17:26.346" level="INFO">Clicking button 'id=btnAppsListExport'.</msg>
<status status="PASS" starttime="20200717 11:17:26.346" endtime="20200717 11:17:26.656"></status>
</kw>
<kw name="Sleep" library="BuiltIn">
<doc>Pauses the test executed for the given time.</doc>
<arguments>
<arg>10s</arg>
</arguments>
<msg timestamp="20200717 11:17:36.658" level="INFO">Slept 10 seconds</msg>
<status status="PASS" starttime="20200717 11:17:26.656" endtime="20200717 11:17:36.658"></status>
</kw>
<kw name="Close Browser" library="SeleniumLibrary">
<doc>Closes the current browser.</doc>
<status status="PASS" starttime="20200717 11:17:36.658" endtime="20200717 11:17:39.863"></status>
</kw>
<tags>
<tag>Test Case 1: Apps Export to Excel</tag>
</tags>
<status status="PASS" starttime="20200717 11:16:44.302" endtime="20200717 11:17:39.863" critical="yes"></status>
</test>
<test id="s1-s1-s1-t2" name="Test Case 2">
<kw name="Open Browser" library="SeleniumLibrary">
<doc>Opens a new browser instance to the optional ``url``.</doc>
<arguments>
<arg>https://dev-admin.samsungpass.com/#/</arg>
<arg>chrome</arg>
</arguments>
<msg timestamp="20200717 11:17:39.865" level="INFO">Opening browser 'chrome' to base url 'https://dev-admin.samsungpass.com/#/'.</msg>
<status status="PASS" starttime="20200717 11:17:39.864" endtime="20200717 11:18:21.172"></status>
</kw>
<kw name="Maximize Browser Window" library="SeleniumLibrary">
<doc>Maximizes current browser window.</doc>
<status status="PASS" starttime="20200717 11:18:21.172" endtime="20200717 11:18:22.296"></status>
</kw>
<kw name="Set Browser Implicit Wait" library="SeleniumLibrary">
<doc>Sets the implicit wait value used by Selenium.</doc>
<arguments>
<arg>5s</arg>
</arguments>
<status status="PASS" starttime="20200717 11:18:22.296" endtime="20200717 11:18:22.299"></status>
</kw>
<kw name="Sleep" library="BuiltIn">
<doc>Pauses the test executed for the given time.</doc>
<arguments>
<arg>2s</arg>
</arguments>
<msg timestamp="20200717 11:18:24.302" level="INFO">Slept 2 seconds</msg>
<status status="PASS" starttime="20200717 11:18:22.300" endtime="20200717 11:18:24.302"></status>
</kw>
<kw name="Click Element" library="SeleniumLibrary">
<doc>Click the element identified by ``locator``.</doc>
<arguments>
<arg>id=lnbAppManagementLink</arg>
</arguments>
<msg timestamp="20200717 11:18:24.304" level="INFO">Clicking element 'id=lnbAppManagementLink'.</msg>
<status status="PASS" starttime="20200717 11:18:24.303" endtime="20200717 11:18:24.381"></status>
</kw>
<kw name="Sleep" library="BuiltIn">
<doc>Pauses the test executed for the given time.</doc>
<arguments>
<arg>2s</arg>
</arguments>
<msg timestamp="20200717 11:18:26.384" level="INFO">Slept 2 seconds</msg>
<status status="PASS" starttime="20200717 11:18:24.382" endtime="20200717 11:18:26.384"></status>
</kw>
<kw name="Click Element" library="SeleniumLibrary">
<doc>Click the element identified by ``locator``.</doc>
<arguments>
<arg>id=lnbSpassApplicationFrameworkLink</arg>
</arguments>
<msg timestamp="20200717 11:18:26.384" level="INFO">Clicking element 'id=lnbSpassApplicationFrameworkLink'.</msg>
<status status="PASS" starttime="20200717 11:18:26.384" endtime="20200717 11:18:26.448"></status>
</kw>
<kw name="Sleep" library="BuiltIn">
<doc>Pauses the test executed for the given time.</doc>
<arguments>
<arg>2s</arg>
</arguments>
<msg timestamp="20200717 11:18:28.450" level="INFO">Slept 2 seconds</msg>
<status status="PASS" starttime="20200717 11:18:26.449" endtime="20200717 11:18:28.451"></status>
</kw>
<kw name="Click Button" library="SeleniumLibrary">
<doc>Clicks the button identified by ``locator``.</doc>
<arguments>
<arg>id=spassFrameworkExportExcelBtn</arg>
</arguments>
<msg timestamp="20200717 11:18:28.454" level="INFO">Clicking button 'id=spassFrameworkExportExcelBtn'.</msg>
<status status="PASS" starttime="20200717 11:18:28.452" endtime="20200717 11:18:28.666"></status>
</kw>
<kw name="Sleep" library="BuiltIn">
<doc>Pauses the test executed for the given time.</doc>
<arguments>
<arg>10s</arg>
</arguments>
<msg timestamp="20200717 11:18:38.669" level="INFO">Slept 10 seconds</msg>
<status status="PASS" starttime="20200717 11:18:28.667" endtime="20200717 11:18:38.669"></status>
</kw>
<kw name="Close Browser" library="SeleniumLibrary">
<doc>Closes the current browser.</doc>
<status status="PASS" starttime="20200717 11:18:38.669" endtime="20200717 11:18:41.969"></status>
</kw>
<tags>
<tag>Test Case 2: Framework Export to Excel</tag>
</tags>
<status status="PASS" starttime="20200717 11:17:39.863" endtime="20200717 11:18:41.969" critical="yes"></status>
</test>
<status status="PASS" starttime="20200717 11:16:44.112" endtime="20200717 11:18:41.969"></status>
</suite>
<status status="PASS" starttime="20200717 11:16:44.109" endtime="20200717 11:18:41.972"></status>
</suite>
<status status="PASS" starttime="20200717 11:16:44.080" endtime="20200717 11:18:41.974"></status>
</suite>
<statistics>
<total>
<stat pass="2" fail="0">Critical Tests</stat>
<stat pass="2" fail="0">All Tests</stat>
</total>
<tag>
<stat pass="1" fail="0">Test Case 1: Apps Export to Excel</stat>
<stat pass="1" fail="0">Test Case 2: Framework Export to Excel</stat>
</tag>
<suite>
<stat pass="2" fail="0" id="s1" name="Samsung Pass">Samsung Pass</stat>
<stat pass="2" fail="0" id="s1-s1" name="Test">Samsung Pass.Test</stat>
<stat pass="2" fail="0" id="s1-s1-s1" name="Export to Excel - Test Cases">Samsung Pass.Test.Export to Excel - Test Cases</stat>
</suite>
</statistics>
<errors>
</errors>
</robot>
